TN:
SF:src\application\commands\create.claim.command.ts
FN:8,CreateClaimCommand
FN:21,getOwnerId
FN:25,getTitle
FN:29,getDescription
FN:33,getCategoryId
FN:37,getLocation
FNF:6
FNH:6
FNDA:1,CreateClaimCommand
FNDA:1,getOwnerId
FNDA:1,getTitle
FNDA:1,getDescription
FNDA:1,getCategoryId
FNDA:1,getLocation
DA:1,1
DA:2,1
DA:3,1
DA:4,1
DA:5,1
DA:6,1
DA:7,1
DA:8,1
DA:9,1
DA:10,1
DA:11,1
DA:12,1
DA:13,1
DA:14,1
DA:15,1
DA:16,1
DA:17,1
DA:18,1
DA:19,1
DA:20,1
DA:21,1
DA:22,1
DA:23,1
DA:24,1
DA:25,1
DA:26,1
DA:27,1
DA:28,1
DA:29,1
DA:30,1
DA:31,1
DA:32,1
DA:33,1
DA:34,1
DA:35,1
DA:36,1
DA:37,1
DA:38,1
DA:39,1
DA:40,1
DA:41,1
DA:42,1
LF:42
LH:42
BRDA:8,0,0,1
BRDA:21,1,0,1
BRDA:25,2,0,1
BRDA:29,3,0,1
BRDA:33,4,0,1
BRDA:37,5,0,1
BRF:6
BRH:6
end_of_record
TN:
SF:src\application\commands\create.visitor.command.ts
FN:6,CreateVisitorCommand
FN:12,getIp
FN:16,getNickname
FN:20,getPin
FNF:4
FNH:4
FNDA:1,CreateVisitorCommand
FNDA:1,getIp
FNDA:1,getNickname
FNDA:1,getPin
DA:1,1
DA:2,1
DA:3,1
DA:4,1
DA:5,1
DA:6,1
DA:7,1
DA:8,1
DA:9,1
DA:10,1
DA:11,1
DA:12,1
DA:13,1
DA:14,1
DA:15,1
DA:16,1
DA:17,1
DA:18,1
DA:19,1
DA:20,1
DA:21,1
DA:22,1
DA:23,1
DA:24,1
DA:25,1
LF:25
LH:25
BRDA:6,0,0,1
BRDA:12,1,0,1
BRDA:16,2,0,1
BRDA:20,3,0,1
BRF:4
BRH:4
end_of_record
TN:
SF:src\application\commands\like.command.ts
FN:6,LikeCommand
FN:12,getClaimId
FN:16,getVisitorId
FN:20,getPin
FNF:4
FNH:4
FNDA:3,LikeCommand
FNDA:3,getClaimId
FNDA:3,getVisitorId
FNDA:3,getPin
DA:1,1
DA:2,1
DA:3,1
DA:4,1
DA:5,1
DA:6,1
DA:7,3
DA:8,3
DA:9,3
DA:10,3
DA:11,1
DA:12,1
DA:13,3
DA:14,3
DA:15,1
DA:16,1
DA:17,3
DA:18,3
DA:19,1
DA:20,1
DA:21,3
DA:22,3
DA:23,1
DA:24,1
DA:25,1
LF:25
LH:25
BRDA:6,0,0,3
BRDA:12,1,0,3
BRDA:16,2,0,3
BRDA:20,3,0,3
BRF:4
BRH:4
end_of_record
TN:
SF:src\application\commands\report.claim.command.ts
FN:5,ReportClaimCommand
FN:10,getId
FN:14,getOriginalId
FNF:3
FNH:0
FNDA:0,ReportClaimCommand
FNDA:0,getId
FNDA:0,getOriginalId
DA:1,1
DA:2,1
DA:3,1
DA:4,1
DA:5,1
DA:6,0
DA:7,0
DA:8,0
DA:9,1
DA:10,1
DA:11,0
DA:12,0
DA:13,1
DA:14,1
DA:15,0
DA:16,0
DA:17,1
LF:17
LH:10
BRF:0
BRH:0
end_of_record
TN:
SF:src\application\handlers\create.claim.handler.ts
FN:12,CreateClaimHandler
FN:22,execute
FNF:2
FNH:2
FNDA:2,CreateClaimHandler
FNDA:1,execute
DA:1,1
DA:2,1
DA:3,1
DA:4,1
DA:5,1
DA:6,1
DA:7,1
DA:8,1
DA:9,1
DA:10,1
DA:11,1
DA:12,1
DA:13,2
DA:14,2
DA:15,2
DA:16,2
DA:17,2
DA:18,2
DA:19,2
DA:20,2
DA:21,1
DA:22,1
DA:23,1
DA:24,1
DA:25,1
DA:26,1
DA:27,0
DA:28,0
DA:29,1
DA:30,1
DA:31,1
DA:32,1
DA:33,0
DA:34,0
DA:35,1
DA:36,1
DA:37,1
DA:38,1
DA:39,1
DA:40,1
DA:41,1
DA:42,1
DA:43,1
DA:44,1
DA:45,1
DA:46,1
DA:47,1
DA:48,1
LF:48
LH:44
BRDA:12,0,0,2
BRDA:22,1,0,1
BRDA:26,2,0,0
BRDA:32,3,0,0
BRF:4
BRH:2
end_of_record
TN:
SF:src\application\handlers\create.visitor.handler.ts
FN:8,CreateVisitorHandler
FN:12,execute
FNF:2
FNH:2
FNDA:2,CreateVisitorHandler
FNDA:1,execute
DA:1,1
DA:2,1
DA:3,1
DA:4,1
DA:5,1
DA:6,1
DA:7,1
DA:8,1
DA:9,2
DA:10,2
DA:11,1
DA:12,1
DA:13,1
DA:14,1
DA:15,1
DA:16,1
DA:17,1
DA:18,1
DA:19,1
LF:19
LH:19
BRDA:8,0,0,2
BRDA:12,1,0,1
BRF:2
BRH:2
end_of_record
TN:
SF:src\application\handlers\like.handler.ts
FN:9,LikeHandler
FN:14,execute
FNF:2
FNH:2
FNDA:4,LikeHandler
FNDA:3,execute
DA:1,1
DA:2,1
DA:3,1
DA:4,1
DA:5,1
DA:6,1
DA:7,1
DA:8,1
DA:9,1
DA:10,4
DA:11,4
DA:12,4
DA:13,1
DA:14,1
DA:15,3
DA:16,3
DA:17,3
DA:18,3
DA:19,3
DA:20,3
DA:21,3
DA:22,0
DA:23,0
DA:24,3
DA:25,3
DA:26,3
DA:27,0
DA:28,0
DA:29,3
DA:30,3
DA:31,1
DA:32,1
DA:33,2
DA:34,2
DA:35,2
DA:36,2
DA:37,1
DA:38,1
DA:39,1
DA:40,1
LF:40
LH:36
BRDA:9,0,0,4
BRDA:14,1,0,3
BRDA:21,2,0,0
BRDA:26,3,0,0
BRDA:30,4,0,1
BRDA:33,5,0,2
BRDA:37,6,0,1
BRF:7
BRH:5
end_of_record
TN:
SF:src\application\handlers\report.claim.handler.ts
FN:7,ReportClaimHandler
FN:11,execute
FNF:2
FNH:1
FNDA:2,ReportClaimHandler
FNDA:0,execute
DA:1,1
DA:2,1
DA:3,1
DA:4,1
DA:5,1
DA:6,1
DA:7,1
DA:8,2
DA:9,2
DA:10,1
DA:11,1
DA:12,0
DA:13,0
DA:14,0
DA:15,0
DA:16,0
DA:17,0
DA:18,0
DA:19,0
DA:20,0
DA:21,0
DA:22,0
DA:23,0
DA:24,0
DA:25,0
DA:26,1
DA:27,1
DA:28,1
LF:28
LH:14
BRDA:7,0,0,2
BRF:1
BRH:1
end_of_record
TN:
SF:src\domain\entities\category.entity.ts
FN:8,Category
FN:14,create
FN:18,getId
FN:22,getName
FN:26,getColor
FNF:5
FNH:3
FNDA:5,Category
FNDA:5,create
FNDA:2,getId
FNDA:0,getName
FNDA:0,getColor
DA:1,1
DA:2,1
DA:3,1
DA:4,1
DA:5,1
DA:6,1
DA:7,1
DA:8,1
DA:9,5
DA:10,5
DA:11,5
DA:12,5
DA:13,1
DA:14,1
DA:15,5
DA:16,5
DA:17,1
DA:18,1
DA:19,2
DA:20,2
DA:21,1
DA:22,1
DA:23,0
DA:24,0
DA:25,1
DA:26,1
DA:27,0
DA:28,0
DA:29,1
DA:30,1
DA:31,1
LF:31
LH:27
BRDA:8,0,0,5
BRDA:14,1,0,5
BRDA:18,2,0,2
BRF:3
BRH:3
end_of_record
TN:
SF:src\domain\entities\claim.entity.ts
FN:17,Claim
FN:36,create
FN:46,addLike
FN:54,addDislike
FN:62,hasVisitorLiked
FN:66,hasVisitorDisliked
FN:70,report
FN:78,getId
FN:82,getOwner
FN:86,getCreatedAt
FN:90,getLikesCount
FN:94,getDislikesCount
FNF:12
FNH:6
FNDA:5,Claim
FNDA:5,create
FNDA:3,addLike
FNDA:0,addDislike
FNDA:4,hasVisitorLiked
FNDA:0,hasVisitorDisliked
FNDA:0,report
FNDA:8,getId
FNDA:1,getOwner
FNDA:0,getCreatedAt
FNDA:0,getLikesCount
FNDA:0,getDislikesCount
DA:1,1
DA:2,1
DA:3,1
DA:4,1
DA:5,1
DA:6,1
DA:7,1
DA:8,1
DA:9,1
DA:10,1
DA:11,1
DA:12,1
DA:13,1
DA:14,1
DA:15,1
DA:16,1
DA:17,1
DA:18,5
DA:19,5
DA:20,5
DA:21,5
DA:22,5
DA:23,5
DA:24,5
DA:25,5
DA:26,5
DA:27,5
DA:28,5
DA:29,5
DA:30,5
DA:31,5
DA:32,5
DA:33,5
DA:34,5
DA:35,1
DA:36,1
DA:37,5
DA:38,5
DA:39,5
DA:40,5
DA:41,5
DA:42,5
DA:43,5
DA:44,5
DA:45,1
DA:46,1
DA:47,3
DA:48,1
DA:49,1
DA:50,2
DA:51,2
DA:52,2
DA:53,1
DA:54,1
DA:55,0
DA:56,0
DA:57,0
DA:58,0
DA:59,0
DA:60,0
DA:61,1
DA:62,1
DA:63,4
DA:64,4
DA:65,1
DA:66,1
DA:67,0
DA:68,0
DA:69,1
DA:70,1
DA:71,0
DA:72,0
DA:73,0
DA:74,0
DA:75,0
DA:76,0
DA:77,1
DA:78,1
DA:79,8
DA:80,8
DA:81,1
DA:82,1
DA:83,1
DA:84,1
DA:85,1
DA:86,1
DA:87,0
DA:88,0
DA:89,1
DA:90,1
DA:91,0
DA:92,0
DA:93,1
DA:94,1
DA:95,0
DA:96,0
DA:97,1
DA:98,1
DA:99,1
LF:99
LH:79
BRDA:17,0,0,5
BRDA:36,1,0,5
BRDA:46,2,0,3
BRDA:47,3,0,1
BRDA:50,4,0,2
BRDA:62,5,0,4
BRDA:78,6,0,8
BRDA:82,7,0,1
BRF:8
BRH:8
end_of_record
TN:
SF:src\domain\entities\visitor.entity.ts
FN:9,Visitor
FN:16,create
FN:20,getId
FN:24,getIp
FN:28,getNickname
FN:32,getPin
FN:36,validatePin
FNF:7
FNH:7
FNDA:6,Visitor
FNDA:6,create
FNDA:14,getId
FNDA:1,getIp
FNDA:1,getNickname
FNDA:1,getPin
FNDA:3,validatePin
DA:1,1
DA:2,1
DA:3,1
DA:4,1
DA:5,1
DA:6,1
DA:7,1
DA:8,1
DA:9,1
DA:10,6
DA:11,6
DA:12,6
DA:13,6
DA:14,6
DA:15,1
DA:16,1
DA:17,6
DA:18,6
DA:19,1
DA:20,1
DA:21,14
DA:22,14
DA:23,1
DA:24,1
DA:25,1
DA:26,1
DA:27,1
DA:28,1
DA:29,1
DA:30,1
DA:31,1
DA:32,1
DA:33,1
DA:34,1
DA:35,1
DA:36,1
DA:37,3
DA:38,3
DA:39,1
DA:40,1
DA:41,1
LF:41
LH:41
BRDA:9,0,0,6
BRDA:16,1,0,6
BRDA:20,2,0,14
BRDA:24,3,0,1
BRDA:28,4,0,1
BRDA:32,5,0,1
BRDA:36,6,0,3
BRF:7
BRH:7
end_of_record
TN:
SF:src\http\actions\report.claim.action.ts
FN:8,ReportClaimAction
FN:12,run
FNF:2
FNH:2
FNDA:1,ReportClaimAction
FNDA:1,run
DA:1,1
DA:2,1
DA:3,1
DA:4,1
DA:5,1
DA:6,1
DA:7,1
DA:8,1
DA:9,1
DA:10,1
DA:11,1
DA:12,1
DA:13,1
DA:14,1
DA:15,1
DA:16,1
DA:17,0
DA:18,0
DA:19,0
DA:20,0
DA:21,0
DA:22,0
DA:23,0
DA:24,0
DA:25,0
DA:26,0
DA:27,0
DA:28,0
DA:29,1
DA:30,1
DA:31,1
DA:32,1
LF:32
LH:20
BRDA:8,0,0,1
BRDA:12,1,0,1
BRDA:16,2,0,0
BRDA:16,3,0,0
BRF:4
BRH:2
end_of_record
TN:
SF:src\infrastructure\repositories\category.repository.ts
FN:6,CategoryRepository
FN:10,save
FN:18,findOneById
FN:24,getAll
FNF:4
FNH:3
FNDA:2,CategoryRepository
FNDA:1,save
FNDA:1,findOneById
FNDA:0,getAll
DA:1,1
DA:2,1
DA:3,1
DA:4,1
DA:5,1
DA:6,1
DA:7,2
DA:8,2
DA:9,1
DA:10,1
DA:11,1
DA:12,1
DA:13,0
DA:14,0
DA:15,1
DA:16,1
DA:17,1
DA:18,1
DA:19,1
DA:20,1
DA:21,1
DA:22,1
DA:23,1
DA:24,1
DA:25,0
DA:26,0
DA:27,1
DA:28,1
DA:29,1
DA:30,1
LF:30
LH:26
BRDA:6,0,0,2
BRDA:10,1,0,1
BRDA:12,2,0,0
BRDA:18,3,0,1
BRDA:21,4,0,0
BRDA:19,5,0,1
BRF:6
BRH:4
end_of_record
TN:
SF:src\infrastructure\repositories\claim.repository.ts
FN:6,ClaimRepository
FN:10,save
FN:18,findOneById
FN:24,lastHourOnFire
FN:34,lastClaims
FN:42,lastClaimsByVisitor
FNF:6
FNH:4
FNDA:7,ClaimRepository
FNDA:5,save
FNDA:3,findOneById
FNDA:0,lastHourOnFire
FNDA:1,lastClaims
FNDA:0,lastClaimsByVisitor
DA:1,1
DA:2,1
DA:3,1
DA:4,1
DA:5,1
DA:6,1
DA:7,7
DA:8,7
DA:9,1
DA:10,1
DA:11,5
DA:12,5
DA:13,1
DA:14,1
DA:15,5
DA:16,5
DA:17,1
DA:18,1
DA:19,3
DA:20,3
DA:21,3
DA:22,3
DA:23,1
DA:24,1
DA:25,0
DA:26,0
DA:27,0
DA:28,0
DA:29,0
DA:30,0
DA:31,0
DA:32,0
DA:33,1
DA:34,1
DA:35,1
DA:36,1
DA:37,1
DA:38,1
DA:39,1
DA:40,1
DA:41,1
DA:42,1
DA:43,0
DA:44,0
DA:45,0
DA:46,0
DA:47,0
DA:48,1
DA:49,1
DA:50,1
DA:51,1
LF:51
LH:38
BRDA:6,0,0,7
BRDA:10,1,0,5
BRDA:12,2,0,1
BRDA:11,3,0,1
BRDA:18,4,0,3
BRDA:21,5,0,0
BRDA:19,6,0,3
BRDA:34,7,0,1
BRF:8
BRH:7
end_of_record
TN:
SF:src\infrastructure\repositories\visitor.repository.ts
FN:6,VisitorRepository
FN:10,save
FN:18,findOneById
FN:24,getAll
FNF:4
FNH:4
FNDA:9,VisitorRepository
FNDA:5,save
FNDA:4,findOneById
FNDA:1,getAll
DA:1,1
DA:2,1
DA:3,1
DA:4,1
DA:5,1
DA:6,1
DA:7,9
DA:8,9
DA:9,1
DA:10,1
DA:11,5
DA:12,5
DA:13,0
DA:14,0
DA:15,5
DA:16,5
DA:17,1
DA:18,1
DA:19,4
DA:20,4
DA:21,4
DA:22,4
DA:23,1
DA:24,1
DA:25,1
DA:26,1
DA:27,1
DA:28,1
DA:29,1
DA:30,1
LF:30
LH:28
BRDA:6,0,0,9
BRDA:10,1,0,5
BRDA:12,2,0,0
BRDA:18,3,0,4
BRDA:21,4,0,0
BRDA:19,5,0,4
BRDA:24,6,0,1
BRF:7
BRH:5
end_of_record
TN:
SF:tests\shared\mothers\ClaimMothers.ts
FN:6,withoutLikes
FN:16,withLikes
FNF:2
FNH:2
FNDA:1,withoutLikes
FNDA:1,withLikes
DA:1,1
DA:2,1
DA:3,1
DA:4,1
DA:5,1
DA:6,1
DA:7,1
DA:8,1
DA:9,1
DA:10,1
DA:11,1
DA:12,1
DA:13,1
DA:14,1
DA:15,1
DA:16,1
DA:17,1
DA:18,1
DA:19,1
DA:20,1
DA:21,1
DA:22,1
DA:23,1
DA:24,1
DA:25,1
DA:26,1
DA:27,1
DA:28,1
DA:29,1
DA:30,1
LF:30
LH:30
BRDA:6,0,0,1
BRDA:16,1,0,1
BRDA:24,2,0,1
BRF:3
BRH:3
end_of_record
